  RotatingEarth.cpp
C:\develop\CGlabs\RotatingEarth\RotatingEarth\RotatingEarth.cpp(32,45): warning C4244: аргумент: преобразование "double" в "GLfloat", возможна потеря данных
C:\develop\CGlabs\RotatingEarth\RotatingEarth\RotatingEarth.cpp(32,33): warning C4244: аргумент: преобразование "double" в "GLfloat", возможна потеря данных
C:\develop\CGlabs\RotatingEarth\RotatingEarth\RotatingEarth.cpp(32,21): warning C4244: аргумент: преобразование "double" в "GLfloat", возможна потеря данных
C:\develop\CGlabs\RotatingEarth\RotatingEarth\RotatingEarth.cpp(38,44): warning C4244: аргумент: преобразование "double" в "GLfloat", возможна потеря данных
C:\develop\CGlabs\RotatingEarth\RotatingEarth\RotatingEarth.cpp(38,31): warning C4244: аргумент: преобразование "double" в "GLfloat", возможна потеря данных
C:\develop\CGlabs\RotatingEarth\RotatingEarth\RotatingEarth.cpp(39,46): warning C4244: аргумент: преобразование "int" в "GLfloat", возможна потеря данных
C:\develop\CGlabs\RotatingEarth\RotatingEarth\RotatingEarth.cpp(39,42): warning C4244: аргумент: преобразование "int" в "GLfloat", возможна потеря данных
C:\develop\CGlabs\RotatingEarth\RotatingEarth\RotatingEarth.cpp(39,29): warning C4244: аргумент: преобразование "int" в "GLfloat", возможна потеря данных
C:\develop\CGlabs\RotatingEarth\RotatingEarth\RotatingEarth.cpp(44,35): warning C4244: аргумент: преобразование "double" в "GLfloat", возможна потеря данных
C:\develop\CGlabs\RotatingEarth\RotatingEarth\RotatingEarth.cpp(44,31): warning C4244: аргумент: преобразование "double" в "GLfloat", возможна потеря данных
C:\develop\CGlabs\RotatingEarth\RotatingEarth\RotatingEarth.cpp(45,55): warning C4244: аргумент: преобразование "int" в "GLfloat", возможна потеря данных
C:\develop\CGlabs\RotatingEarth\RotatingEarth\RotatingEarth.cpp(45,42): warning C4244: аргумент: преобразование "int" в "GLfloat", возможна потеря данных
C:\develop\CGlabs\RotatingEarth\RotatingEarth\RotatingEarth.cpp(45,29): warning C4244: аргумент: преобразование "int" в "GLfloat", возможна потеря данных
C:\develop\CGlabs\RotatingEarth\RotatingEarth\RotatingEarth.cpp(59,73): warning C4244: =: преобразование "double" в "int", возможна потеря данных
C:\develop\CGlabs\RotatingEarth\RotatingEarth\RotatingEarth.cpp(60,73): warning C4244: =: преобразование "double" в "int", возможна потеря данных
C:\develop\CGlabs\RotatingEarth\RotatingEarth\RotatingEarth.cpp(61,51): warning C4244: =: преобразование "double" в "int", возможна потеря данных
C:\develop\CGlabs\RotatingEarth\RotatingEarth\RotatingEarth.cpp(66,81): warning C4244: =: преобразование "double" в "int", возможна потеря данных
C:\develop\CGlabs\RotatingEarth\RotatingEarth\RotatingEarth.cpp(67,81): warning C4244: =: преобразование "double" в "int", возможна потеря данных
C:\develop\CGlabs\RotatingEarth\RotatingEarth\RotatingEarth.cpp(68,59): warning C4244: =: преобразование "double" в "int", возможна потеря данных
C:\develop\CGlabs\RotatingEarth\RotatingEarth\RotatingEarth.cpp(72,81): warning C4244: =: преобразование "double" в "int", возможна потеря данных
C:\develop\CGlabs\RotatingEarth\RotatingEarth\RotatingEarth.cpp(73,81): warning C4244: =: преобразование "double" в "int", возможна потеря данных
C:\develop\CGlabs\RotatingEarth\RotatingEarth\RotatingEarth.cpp(74,51): warning C4244: =: преобразование "double" в "int", возможна потеря данных
C:\develop\CGlabs\RotatingEarth\RotatingEarth\RotatingEarth.cpp(78,89): warning C4244: =: преобразование "double" в "int", возможна потеря данных
C:\develop\CGlabs\RotatingEarth\RotatingEarth\RotatingEarth.cpp(79,89): warning C4244: =: преобразование "double" в "int", возможна потеря данных
C:\develop\CGlabs\RotatingEarth\RotatingEarth\RotatingEarth.cpp(80,59): warning C4244: =: преобразование "double" в "int", возможна потеря данных
C:\develop\CGlabs\RotatingEarth\RotatingEarth\RotatingEarth.cpp(100,15): warning C4244: аргумент: преобразование "double" в "GLfloat", возможна потеря данных
  RotatingEarth.vcxproj -> C:\develop\CGlabs\RotatingEarth\x64\Debug\RotatingEarth.exe
